Build started 24/03/2015 07:02:38 p. m..
     1>Project "C:\Users\Carlos\Documents\Masters\Game Technologies\Game Tech 2014 Coursework\Game Tech 2014\Game Technologies\Game Technologies\GameTech.vcxproj" on node 2 (Build target(s)).
     1>ClCompile:
         C:\Program Files (x86)\Microsoft Visual Studio 12.0\VC\bin\CL.exe /c /Zi /nologo /W3 /WX- /O2 /Oi /Oy- /GL /D _MBCS /Gm- /EHsc /MD /GS /Gy /fp:precise /Zc:wchar_t /Zc:forScope /Fo"Release\\" /Fd"Release\vc120.pdb" /Gd /TP /analyze- /errorReport:prompt Branch.cpp CollisionHelper.cpp GameClass.cpp GameEntity.cpp IntelligentEntity.cpp Main.cpp MyGame.cpp OctTreeNode.cpp PhysicsNode.cpp PhysicsSystem.cpp Renderer.cpp Spring.cpp SpringDemo.cpp Tree.cpp
         Branch.cpp
         CollisionHelper.cpp
         GameClass.cpp
         GameEntity.cpp
         IntelligentEntity.cpp
         Main.cpp
         MyGame.cpp
         OctTreeNode.cpp
     1>OctTreeNode.cpp(72): warning C4018: '>' : signed/unsigned mismatch
     1>OctTreeNode.cpp(132): warning C4018: '<' : signed/unsigned mismatch
         PhysicsNode.cpp
     1>PhysicsNode.cpp(6): warning C4305: 'argument' : truncation from 'double' to 'const float'
         PhysicsSystem.cpp
     1>PhysicsSystem.cpp(17): warning C4244: '=' : conversion from 'float' to 'int', possible loss of data
     1>PhysicsSystem.cpp(108): warning C4018: '<' : signed/unsigned mismatch
         Renderer.cpp
         Spring.cpp
         SpringDemo.cpp
     1>SpringDemo.cpp(6): warning C4305: 'argument' : truncation from 'double' to 'const float'
     1>SpringDemo.cpp(8): warning C4244: 'initializing' : conversion from 'double' to 'float', possible loss of data
         Tree.cpp
       Link:
         C:\Program Files (x86)\Microsoft Visual Studio 12.0\VC\bin\link.exe /ERRORREPORT:PROMPT /OUT:"C:\Users\Carlos\Documents\Masters\Game Technologies\Game Tech 2014 Coursework\Game Tech 2014\Game Technologies\Release\GameTech.exe" /NOLOGO kernel32.lib user32.lib gdi32.lib winspool.lib comdlg32.lib advapi32.lib shell32.lib ole32.lib oleaut32.lib uuid.lib odbc32.lib odbccp32.lib /MANIFEST /MANIFESTUAC:"level='asInvoker' uiAccess='false'" /manifest:embed /DEBUG /PDB:"C:\Users\Carlos\Documents\Masters\Game Technologies\Game Tech 2014 Coursework\Game Tech 2014\Game Technologies\Release\GameTech.pdb" /OPT:REF /OPT:ICF /LTCG /TLBID:1 /DYNAMICBASE /NXCOMPAT /IMPLIB:"C:\Users\Carlos\Documents\Masters\Game Technologies\Game Tech 2014 Coursework\Game Tech 2014\Game Technologies\Release\GameTech.lib" /MACHINE:X86 /SAFESEH Release\Branch.obj
         Release\CollisionHelper.obj
         Release\GameClass.obj
         Release\GameEntity.obj
         Release\IntelligentEntity.obj
         Release\Main.obj
         Release\MyGame.obj
         Release\OctTreeNode.obj
         Release\PhysicsNode.obj
         Release\PhysicsSystem.obj
         Release\Renderer.obj
         Release\Sphere.obj
         Release\Spring.obj
         Release\SpringDemo.obj
         Release\TextMesh.obj
         Release\Tree.obj
     1>MSVCRT.lib(cinitexe.obj) : warning LNK4098: defaultlib 'libcmt.lib' conflicts with use of other libs; use /NODEFAULTLIB:library
         Generating code
         Finished generating code
     1>Renderer.obj : warning LNK4049: locally defined symbol ___glewGetUniformLocation imported
     1>Renderer.obj : warning LNK4049: locally defined symbol ___glewUniform1i imported
     1>Renderer.obj : warning LNK4049: locally defined symbol ___glewUniformMatrix4fv imported
     1>Renderer.obj : warning LNK4049: locally defined symbol ___glewUniform4fv imported
     1>Renderer.obj : warning LNK4049: locally defined symbol ___glewUseProgram imported
     1>Renderer.obj : warning LNK4049: locally defined symbol ___glewActiveTexture imported
     1>SOIL.lib(SOIL.obj) : warning LNK4099: PDB 'vc120.pdb' was not found with 'SOIL.lib(SOIL.obj)' or at 'C:\Users\Carlos\Documents\Masters\Game Technologies\Game Tech 2014 Coursework\Game Tech 2014\Game Technologies\Release\vc120.pdb'; linking object as if no debug info
     1>SOIL.lib(stb_image_aug.obj) : warning LNK4099: PDB 'vc120.pdb' was not found with 'SOIL.lib(stb_image_aug.obj)' or at 'C:\Users\Carlos\Documents\Masters\Game Technologies\Game Tech 2014 Coursework\Game Tech 2014\Game Technologies\Release\vc120.pdb'; linking object as if no debug info
     1>SOIL.lib(image_helper.obj) : warning LNK4099: PDB 'vc120.pdb' was not found with 'SOIL.lib(image_helper.obj)' or at 'C:\Users\Carlos\Documents\Masters\Game Technologies\Game Tech 2014 Coursework\Game Tech 2014\Game Technologies\Release\vc120.pdb'; linking object as if no debug info
     1>SOIL.lib(image_DXT.obj) : warning LNK4099: PDB 'vc120.pdb' was not found with 'SOIL.lib(image_DXT.obj)' or at 'C:\Users\Carlos\Documents\Masters\Game Technologies\Game Tech 2014 Coursework\Game Tech 2014\Game Technologies\Release\vc120.pdb'; linking object as if no debug info
     1>glew32.lib(glew.obj) : warning LNK4099: PDB 'vc120.pdb' was not found with 'glew32.lib(glew.obj)' or at 'C:\Users\Carlos\Documents\Masters\Game Technologies\Game Tech 2014 Coursework\Game Tech 2014\Game Technologies\Release\vc120.pdb'; linking object as if no debug info
         GameTech.vcxproj -> C:\Users\Carlos\Documents\Masters\Game Technologies\Game Tech 2014 Coursework\Game Tech 2014\Game Technologies\Release\GameTech.exe
     1>Done Building Project "C:\Users\Carlos\Documents\Masters\Game Technologies\Game Tech 2014 Coursework\Game Tech 2014\Game Technologies\Game Technologies\GameTech.vcxproj" (Build target(s)).

Build succeeded.

Time Elapsed 00:00:21.79
