Build started 01/02/2015 09:54:16 p. m..
     1>Project "C:\Users\Carlos\Documents\Masters\Game Technologies\Game Tech 2014 Coursework\Game Tech 2014\nclgl\nclgl.vcxproj" on node 2 (Build target(s)).
     1>ClCompile:
         C:\Program Files (x86)\Microsoft Visual Studio 12.0\VC\bin\CL.exe /c /Zi /nologo /W3 /WX- /O2 /Oi /Oy- /GL /D GLEW_STATIC /D _MBCS /Gm- /EHsc /MD /GS /Gy /fp:precise /Zc:wchar_t /Zc:forScope /Fo"Release\\" /Fd"Release\vc120.pdb" /Gd /TP /analyze- /errorReport:prompt HeightMap.cpp
         HeightMap.cpp
       Lib:
         C:\Program Files (x86)\Microsoft Visual Studio 12.0\VC\bin\Lib.exe /OUT:"C:\Users\Carlos\Documents\Masters\Game Technologies\Game Tech 2014 Coursework\Game Tech 2014\Game Technologies\Release\nclgl.lib" /NOLOGO /LTCG Release\Camera.obj
         Release\CubeRobot.obj
         Release\Frustum.obj
         Release\GameTimer.obj
         Release\HeightMap.obj
         Release\Keyboard.obj
         Release\Matrix3.obj
         Release\Matrix4.obj
         Release\MD5Anim.obj
         Release\MD5FileData.obj
         Release\MD5Mesh.obj
         Release\MD5Node.obj
         Release\Mesh.obj
         Release\Mouse.obj
         Release\OBJMesh.obj
         Release\OGLRenderer.obj
         Release\Plane.obj
         Release\Quaternion.obj
         Release\SceneNode.obj
         Release\Shader.obj
         Release\Window.obj
         nclgl.vcxproj -> C:\Users\Carlos\Documents\Masters\Game Technologies\Game Tech 2014 Coursework\Game Tech 2014\Game Technologies\Release\nclgl.lib
     1>Done Building Project "C:\Users\Carlos\Documents\Masters\Game Technologies\Game Tech 2014 Coursework\Game Tech 2014\nclgl\nclgl.vcxproj" (Build target(s)).

Build succeeded.

Time Elapsed 00:00:02.09
