Build started 03/02/2015 19:44:38.
     1>Project "C:\Users\cmdadmin\Documents\PhysicsEngineTests\PhysicsEngine\Game Technologies\Game Technologies\GameTech.vcxproj" on node 2 (Build target(s)).
       Project file contains ToolsVersion="12.0". This toolset may be unknown or missing, in which case you may be able to resolve this by installing the appropriate version of MSBuild, or the build may have been forced to a particular ToolsVersion for policy reasons. Treating the project as if it had ToolsVersion="4.0". For more information, please see http://go.microsoft.com/fwlink/?LinkId=291333.
     1>ClCompile:
         C:\Program Files (x86)\Microsoft Visual Studio 11.0\VC\bin\CL.exe /c /ZI /nologo /W3 /WX- /Od /Oy- /D _MBCS /Gm /EHsc /RTC1 /MDd /GS /fp:precise /Zc:wchar_t /Zc:forScope /Fo"Debug\\" /Fd"Debug\vc110.pdb" /Gd /TP /analyze- /errorReport:prompt CollisionHelper.cpp PhysicsSystem.cpp
         PhysicsSystem.cpp
     1>c:\users\cmdadmin\documents\physicsenginetests\physicsengine\game technologies\game technologies\physicssystem.cpp(18): warning C4244: '=' : conversion from 'float' to 'int', possible loss of data
         CollisionHelper.cpp
         Generating Code...
       Link:
         C:\Program Files (x86)\Microsoft Visual Studio 11.0\VC\bin\link.exe /ERRORREPORT:PROMPT /OUT:"C:\Users\cmdadmin\Documents\PhysicsEngineTests\PhysicsEngine\Game Technologies\Debug\GameTech.exe" /INCREMENTAL /NOLOGO kernel32.lib user32.lib gdi32.lib winspool.lib comdlg32.lib advapi32.lib shell32.lib ole32.lib oleaut32.lib uuid.lib odbc32.lib odbccp32.lib /MANIFEST /MANIFESTUAC:"level='asInvoker' uiAccess='false'" /manifest:embed /DEBUG /PDB:"C:\Users\cmdadmin\Documents\PhysicsEngineTests\PhysicsEngine\Game Technologies\Debug\GameTech.pdb" /TLBID:1 /DYNAMICBASE /NXCOMPAT /IMPLIB:"C:\Users\cmdadmin\Documents\PhysicsEngineTests\PhysicsEngine\Game Technologies\Debug\GameTech.lib" /MACHINE:X86 Debug\Branch.obj
         Debug\CollisionHelper.obj
         Debug\GameClass.obj
         Debug\GameEntity.obj
         Debug\IntelligentEntity.obj
         Debug\Main.obj
         Debug\MyGame.obj
         Debug\OctTreeNode.obj
         Debug\PhysicsNode.obj
         Debug\PhysicsSystem.obj
         Debug\Renderer.obj
         Debug\Sphere.obj
         Debug\Spring.obj
         Debug\SpringDemo.obj
         Debug\TextMesh.obj
         Debug\Tree.obj
         GameTech.vcxproj -> C:\Users\cmdadmin\Documents\PhysicsEngineTests\PhysicsEngine\Game Technologies\Debug\GameTech.exe
     1>Done Building Project "C:\Users\cmdadmin\Documents\PhysicsEngineTests\PhysicsEngine\Game Technologies\Game Technologies\GameTech.vcxproj" (Build target(s)).

Build succeeded.

Time Elapsed 00:00:03.55
